<testsuite name="signout.Logout from Indee Demo Site" tests="1" errors="0" failures="1" skipped="0" time="0.402622" timestamp="2026-07-24T21:06:43.190157" hostname="MohanPerichetla"><testcase classname="signout.Logout from Indee Demo Site" name="User logs out successfully" status="failed" time="0.402622"><failure type="AssertionError" message="">
<![CDATA[
Failing step: Given user am on the All Titles screen ... failed in 0.403s
Location: features/signout.feature:4
Traceback (most recent call last):
  File "C:\Users\mperi\PycharmProjects\IndeeProject\.venv\Lib\site-packages\behave\model.py", line 1329, in run
    match.run(runner.context)
    ~~~~~~~~~^^^^^^^^^^^^^^^^
  File "C:\Users\mperi\PycharmProjects\IndeeProject\.venv\Lib\site-packages\behave\matchers.py", line 98, in run
    self.func(context, *args, **kwargs)
    ~~~~~~~~~^^^^^^^^^^^^^^^^^^^^^^^^^^
  File "features\steps\signout_steps.py", line 6, in step_on_all_titles
    assert "All Titles" in context.driver.page_source
           ^^^^^^^^^^^^^^^^^^^^^^^^^^^^^^^^^^^^^^^^^^
AssertionError

Captured logging:
INFO:Environment:Executing Step : user am on the All Titles screen
INFO:utils.screenshot:Screenshot saved to reports/screenshots\user_am_on_the_All_Titles_screen_2026-07-24_21-06-35.png]]>
</failure><system-out>
<![CDATA[
@scenario.begin
  Scenario: User logs out successfully
    Given user am on the All Titles screen ... failed in 0.403s
    When user logout ... skipped in 0.000s
    Then user should return to the login page ... skipped in 0.000s

@scenario.end
--------------------------------------------------------------------------------
]]>
</system-out></testcase></testsuite>